<?xml version="1.0" encoding="UTF-8"?>
<!-- Generated by org.testng.reporters.JUnitReportReporter -->
<testsuite hostname="Rochi-Desktop" failures="0" tests="5" name="logic.LogicImplTest" time="0.009" errors="0" timestamp="2024-03-25T13:47:50 EET" skipped="0">
  <testcase classname="logic.LogicImplTest" name="checkAllPriceMore" time="0.005"/>
  <system-out/>
  <testcase classname="logic.LogicImplTest" name="checkCount" time="0.000"/>
  <system-out/>
  <testcase classname="logic.LogicImplTest" name="testGetAllPriceLess" time="0.001"/>
  <system-out/>
  <testcase classname="logic.LogicImplTest" name="testRemoveAll" time="0.000"/>
  <system-out/>
  <testcase classname="logic.LogicImplTest" name="testGetByNumber" time="0.003"/>
  <system-out/>
</testsuite> <!-- logic.LogicImplTest -->
